[2023-10-29 14:08:19.454] [pxr_streamer] [info] ***********  Log Begin **********
[2023-10-29 14:08:19.454] [pxr_streamer] [info] process id= 16344
[2023-10-29 14:08:19.454] [pxr_streamer] [error] rpc_terminal.cpp:37 operator (): connect failed, error= No connection could be made because the target machine actively refused it., this = 0x99e73c90
[2023-10-29 14:08:19.455] [pxr_streamer] [error] rpc_terminal.h:50 Call: invalid rpc_client_, msg = Hello, this = 0x99e73c90
[2023-10-29 14:08:19.456] [pxr_streamer] [error] rpc_terminal.h:50 Call: invalid rpc_client_, msg = QueryRemoteTerminals, this = 0x99e73c90
[2023-10-29 14:08:22.507] [pxr_streamer] [error] rpc_terminal.cpp:37 operator (): connect failed, error= No connection could be made because the target machine actively refused it., this = 0x99e73c90
[2023-10-29 14:08:25.555] [pxr_streamer] [error] rpc_terminal.cpp:37 operator (): connect failed, error= No connection could be made because the target machine actively refused it., this = 0x99e73c90
[2023-10-29 14:08:28.578] [pxr_streamer] [error] rpc_terminal.cpp:37 operator (): connect failed, error= No connection could be made because the target machine actively refused it., this = 0x99e73c90
[2023-10-29 14:08:31.617] [pxr_streamer] [error] rpc_terminal.cpp:37 operator (): connect failed, error= No connection could be made because the target machine actively refused it., this = 0x99e73c90
[2023-10-29 14:08:32.953] [pxr_streamer] [error] rpc_terminal.cpp:37 operator (): connect failed, error= No connection could be made because the target machine actively refused it., this = 0x367f1d90
[2023-10-29 14:08:32.954] [pxr_streamer] [error] rpc_terminal.h:50 Call: invalid rpc_client_, msg = Hello, this = 0x367f1d90
[2023-10-29 14:08:32.954] [pxr_streamer] [error] rpc_terminal.h:50 Call: invalid rpc_client_, msg = QueryRemoteTerminals, this = 0x367f1d90
[2023-10-29 14:08:34.665] [pxr_streamer] [error] rpc_terminal.cpp:37 operator (): connect failed, error= No connection could be made because the target machine actively refused it., this = 0x99e73c90
[2023-10-29 14:08:35.989] [pxr_streamer] [error] rpc_terminal.cpp:37 operator (): connect failed, error= No connection could be made because the target machine actively refused it., this = 0x367f1d90
[2023-10-29 14:08:37.704] [pxr_streamer] [error] rpc_terminal.cpp:37 operator (): connect failed, error= No connection could be made because the target machine actively refused it., this = 0x99e73c90
[2023-10-29 14:08:39.041] [pxr_streamer] [error] rpc_terminal.cpp:37 operator (): connect failed, error= No connection could be made because the target machine actively refused it., this = 0x367f1d90
[2023-10-29 14:08:40.749] [pxr_streamer] [error] rpc_terminal.cpp:37 operator (): connect failed, error= No connection could be made because the target machine actively refused it., this = 0x99e73c90
[2023-10-29 14:08:42.084] [pxr_streamer] [error] rpc_terminal.cpp:37 operator (): connect failed, error= No connection could be made because the target machine actively refused it., this = 0x367f1d90
[2023-10-29 14:08:43.774] [pxr_streamer] [error] rpc_terminal.cpp:37 operator (): connect failed, error= No connection could be made because the target machine actively refused it., this = 0x99e73c90
[2023-10-29 14:08:45.123] [pxr_streamer] [error] rpc_terminal.cpp:37 operator (): connect failed, error= No connection could be made because the target machine actively refused it., this = 0x367f1d90
[2023-10-29 14:08:46.822] [pxr_streamer] [error] rpc_terminal.cpp:37 operator (): connect failed, error= No connection could be made because the target machine actively refused it., this = 0x99e73c90
[2023-10-29 14:08:48.167] [pxr_streamer] [error] rpc_terminal.cpp:37 operator (): connect failed, error= No connection could be made because the target machine actively refused it., this = 0x367f1d90
[2023-10-29 14:08:49.880] [pxr_streamer] [error] rpc_terminal.cpp:37 operator (): connect failed, error= No connection could be made because the target machine actively refused it., this = 0x99e73c90
[2023-10-29 14:08:51.210] [pxr_streamer] [error] rpc_terminal.cpp:37 operator (): connect failed, error= No connection could be made because the target machine actively refused it., this = 0x367f1d90
[2023-10-29 14:08:52.918] [pxr_streamer] [error] rpc_terminal.cpp:37 operator (): connect failed, error= No connection could be made because the target machine actively refused it., this = 0x99e73c90
[2023-10-29 14:08:54.234] [pxr_streamer] [error] rpc_terminal.cpp:37 operator (): connect failed, error= No connection could be made because the target machine actively refused it., this = 0x367f1d90
[2023-10-29 14:08:55.956] [pxr_streamer] [error] rpc_terminal.cpp:37 operator (): connect failed, error= No connection could be made because the target machine actively refused it., this = 0x99e73c90
[2023-10-29 14:08:57.271] [pxr_streamer] [error] rpc_terminal.cpp:37 operator (): connect failed, error= No connection could be made because the target machine actively refused it., this = 0x367f1d90
[2023-10-29 14:08:58.983] [pxr_streamer] [error] rpc_terminal.cpp:37 operator (): connect failed, error= No connection could be made because the target machine actively refused it., this = 0x99e73c90
[2023-10-29 14:09:00.296] [pxr_streamer] [error] rpc_terminal.cpp:37 operator (): connect failed, error= No connection could be made because the target machine actively refused it., this = 0x367f1d90
[2023-10-29 14:09:02.003] [pxr_streamer] [error] rpc_terminal.cpp:37 operator (): connect failed, error= No connection could be made because the target machine actively refused it., this = 0x99e73c90
[2023-10-29 14:09:03.336] [pxr_streamer] [error] rpc_terminal.cpp:37 operator (): connect failed, error= No connection could be made because the target machine actively refused it., this = 0x367f1d90
[2023-10-29 14:09:05.029] [pxr_streamer] [error] rpc_terminal.cpp:37 operator (): connect failed, error= No connection could be made because the target machine actively refused it., this = 0x99e73c90
[2023-10-29 14:09:06.376] [pxr_streamer] [error] rpc_terminal.cpp:37 operator (): connect failed, error= No connection could be made because the target machine actively refused it., this = 0x367f1d90
[2023-10-29 14:09:08.062] [pxr_streamer] [error] rpc_terminal.cpp:37 operator (): connect failed, error= No connection could be made because the target machine actively refused it., this = 0x99e73c90
[2023-10-29 14:09:09.420] [pxr_streamer] [error] rpc_terminal.cpp:37 operator (): connect failed, error= No connection could be made because the target machine actively refused it., this = 0x367f1d90
[2023-10-29 14:09:11.113] [pxr_streamer] [error] rpc_terminal.cpp:37 operator (): connect failed, error= No connection could be made because the target machine actively refused it., this = 0x99e73c90
[2023-10-29 14:09:12.448] [pxr_streamer] [error] rpc_terminal.cpp:37 operator (): connect failed, error= No connection could be made because the target machine actively refused it., this = 0x367f1d90
[2023-10-29 14:09:14.143] [pxr_streamer] [error] rpc_terminal.cpp:37 operator (): connect failed, error= No connection could be made because the target machine actively refused it., this = 0x99e73c90
[2023-10-29 14:09:15.492] [pxr_streamer] [error] rpc_terminal.cpp:37 operator (): connect failed, error= No connection could be made because the target machine actively refused it., this = 0x367f1d90
[2023-10-29 14:09:17.184] [pxr_streamer] [error] rpc_terminal.cpp:37 operator (): connect failed, error= No connection could be made because the target machine actively refused it., this = 0x99e73c90
[2023-10-29 14:09:18.528] [pxr_streamer] [error] rpc_terminal.cpp:37 operator (): connect failed, error= No connection could be made because the target machine actively refused it., this = 0x367f1d90
[2023-10-29 14:09:20.222] [pxr_streamer] [error] rpc_terminal.cpp:37 operator (): connect failed, error= No connection could be made because the target machine actively refused it., this = 0x99e73c90
[2023-10-29 14:09:21.580] [pxr_streamer] [error] rpc_terminal.cpp:37 operator (): connect failed, error= No connection could be made because the target machine actively refused it., this = 0x367f1d90
[2023-10-29 14:09:23.255] [pxr_streamer] [error] rpc_terminal.cpp:37 operator (): connect failed, error= No connection could be made because the target machine actively refused it., this = 0x99e73c90
[2023-10-29 14:09:24.624] [pxr_streamer] [error] rpc_terminal.cpp:37 operator (): connect failed, error= No connection could be made because the target machine actively refused it., this = 0x367f1d90
[2023-10-29 14:09:26.304] [pxr_streamer] [error] rpc_terminal.cpp:37 operator (): connect failed, error= No connection could be made because the target machine actively refused it., this = 0x99e73c90
[2023-10-29 14:09:27.668] [pxr_streamer] [error] rpc_terminal.cpp:37 operator (): connect failed, error= No connection could be made because the target machine actively refused it., this = 0x367f1d90
[2023-10-29 14:09:29.334] [pxr_streamer] [error] rpc_terminal.cpp:37 operator (): connect failed, error= No connection could be made because the target machine actively refused it., this = 0x99e73c90
[2023-10-29 14:09:30.721] [pxr_streamer] [error] rpc_terminal.cpp:37 operator (): connect failed, error= No connection could be made because the target machine actively refused it., this = 0x367f1d90
[2023-10-29 14:09:32.373] [pxr_streamer] [error] rpc_terminal.cpp:37 operator (): connect failed, error= No connection could be made because the target machine actively refused it., this = 0x99e73c90
[2023-10-29 14:09:33.751] [pxr_streamer] [error] rpc_terminal.cpp:37 operator (): connect failed, error= No connection could be made because the target machine actively refused it., this = 0x367f1d90
[2023-10-29 14:09:35.414] [pxr_streamer] [error] rpc_terminal.cpp:37 operator (): connect failed, error= No connection could be made because the target machine actively refused it., this = 0x99e73c90
[2023-10-29 14:09:36.801] [pxr_streamer] [error] rpc_terminal.cpp:37 operator (): connect failed, error= No connection could be made because the target machine actively refused it., this = 0x367f1d90
[2023-10-29 14:09:38.436] [pxr_streamer] [error] rpc_terminal.cpp:37 operator (): connect failed, error= No connection could be made because the target machine actively refused it., this = 0x99e73c90
[2023-10-29 14:09:39.824] [pxr_streamer] [error] rpc_terminal.cpp:37 operator (): connect failed, error= No connection could be made because the target machine actively refused it., this = 0x367f1d90
[2023-10-29 14:09:41.473] [pxr_streamer] [error] rpc_terminal.cpp:37 operator (): connect failed, error= No connection could be made because the target machine actively refused it., this = 0x99e73c90
[2023-10-29 14:09:42.856] [pxr_streamer] [error] rpc_terminal.cpp:37 operator (): connect failed, error= No connection could be made because the target machine actively refused it., this = 0x367f1d90
[2023-10-29 14:09:44.507] [pxr_streamer] [error] rpc_terminal.cpp:37 operator (): connect failed, error= No connection could be made because the target machine actively refused it., this = 0x99e73c90
[2023-10-29 14:09:45.887] [pxr_streamer] [error] rpc_terminal.cpp:37 operator (): connect failed, error= No connection could be made because the target machine actively refused it., this = 0x367f1d90
[2023-10-29 14:09:47.552] [pxr_streamer] [error] rpc_terminal.cpp:37 operator (): connect failed, error= No connection could be made because the target machine actively refused it., this = 0x99e73c90
[2023-10-29 14:09:48.936] [pxr_streamer] [error] rpc_terminal.cpp:37 operator (): connect failed, error= No connection could be made because the target machine actively refused it., this = 0x367f1d90
[2023-10-29 14:09:50.597] [pxr_streamer] [error] rpc_terminal.cpp:37 operator (): connect failed, error= No connection could be made because the target machine actively refused it., this = 0x99e73c90
[2023-10-29 14:09:51.992] [pxr_streamer] [error] rpc_terminal.cpp:37 operator (): connect failed, error= No connection could be made because the target machine actively refused it., this = 0x367f1d90
[2023-10-29 14:09:53.641] [pxr_streamer] [error] rpc_terminal.cpp:37 operator (): connect failed, error= No connection could be made because the target machine actively refused it., this = 0x99e73c90
[2023-10-29 14:09:55.025] [pxr_streamer] [error] rpc_terminal.cpp:37 operator (): connect failed, error= No connection could be made because the target machine actively refused it., this = 0x367f1d90
[2023-10-29 14:09:56.656] [pxr_streamer] [error] rpc_terminal.cpp:37 operator (): connect failed, error= No connection could be made because the target machine actively refused it., this = 0x99e73c90
[2023-10-29 14:09:58.066] [pxr_streamer] [error] rpc_terminal.cpp:37 operator (): connect failed, error= No connection could be made because the target machine actively refused it., this = 0x367f1d90
[2023-10-29 14:09:59.689] [pxr_streamer] [error] rpc_terminal.cpp:37 operator (): connect failed, error= No connection could be made because the target machine actively refused it., this = 0x99e73c90
[2023-10-29 14:10:01.113] [pxr_streamer] [error] rpc_terminal.cpp:37 operator (): connect failed, error= No connection could be made because the target machine actively refused it., this = 0x367f1d90
[2023-10-29 14:10:02.730] [pxr_streamer] [error] rpc_terminal.cpp:37 operator (): connect failed, error= No connection could be made because the target machine actively refused it., this = 0x99e73c90
[2023-10-29 14:10:04.154] [pxr_streamer] [error] rpc_terminal.cpp:37 operator (): connect failed, error= No connection could be made because the target machine actively refused it., this = 0x367f1d90
[2023-10-29 14:10:05.785] [pxr_streamer] [error] rpc_terminal.cpp:37 operator (): connect failed, error= No connection could be made because the target machine actively refused it., this = 0x99e73c90
[2023-10-29 14:10:07.188] [pxr_streamer] [error] rpc_terminal.cpp:37 operator (): connect failed, error= No connection could be made because the target machine actively refused it., this = 0x367f1d90
[2023-10-29 14:10:08.830] [pxr_streamer] [error] rpc_terminal.cpp:37 operator (): connect failed, error= No connection could be made because the target machine actively refused it., this = 0x99e73c90
[2023-10-29 14:10:10.243] [pxr_streamer] [error] rpc_terminal.cpp:37 operator (): connect failed, error= No connection could be made because the target machine actively refused it., this = 0x367f1d90
[2023-10-29 14:10:11.860] [pxr_streamer] [error] rpc_terminal.cpp:37 operator (): connect failed, error= No connection could be made because the target machine actively refused it., this = 0x99e73c90
[2023-10-29 14:10:13.288] [pxr_streamer] [error] rpc_terminal.cpp:37 operator (): connect failed, error= No connection could be made because the target machine actively refused it., this = 0x367f1d90
[2023-10-29 14:10:14.888] [pxr_streamer] [error] rpc_terminal.cpp:37 operator (): connect failed, error= No connection could be made because the target machine actively refused it., this = 0x99e73c90
[2023-10-29 14:10:16.334] [pxr_streamer] [error] rpc_terminal.cpp:37 operator (): connect failed, error= No connection could be made because the target machine actively refused it., this = 0x367f1d90
[2023-10-29 14:10:17.948] [pxr_streamer] [error] rpc_terminal.cpp:37 operator (): connect failed, error= No connection could be made because the target machine actively refused it., this = 0x99e73c90
[2023-10-29 14:10:19.380] [pxr_streamer] [error] rpc_terminal.cpp:37 operator (): connect failed, error= No connection could be made because the target machine actively refused it., this = 0x367f1d90
[2023-10-29 14:10:20.981] [pxr_streamer] [error] rpc_terminal.cpp:37 operator (): connect failed, error= No connection could be made because the target machine actively refused it., this = 0x99e73c90
[2023-10-29 14:10:22.411] [pxr_streamer] [error] rpc_terminal.cpp:37 operator (): connect failed, error= No connection could be made because the target machine actively refused it., this = 0x367f1d90
[2023-10-29 14:10:24.028] [pxr_streamer] [error] rpc_terminal.cpp:37 operator (): connect failed, error= No connection could be made because the target machine actively refused it., this = 0x99e73c90
[2023-10-29 14:10:25.448] [pxr_streamer] [error] rpc_terminal.cpp:37 operator (): connect failed, error= No connection could be made because the target machine actively refused it., this = 0x367f1d90
[2023-10-29 14:10:27.069] [pxr_streamer] [error] rpc_terminal.cpp:37 operator (): connect failed, error= No connection could be made because the target machine actively refused it., this = 0x99e73c90
[2023-10-29 14:10:28.477] [pxr_streamer] [error] rpc_terminal.cpp:37 operator (): connect failed, error= No connection could be made because the target machine actively refused it., this = 0x367f1d90
[2023-10-29 14:10:30.123] [pxr_streamer] [error] rpc_terminal.cpp:37 operator (): connect failed, error= No connection could be made because the target machine actively refused it., this = 0x99e73c90
[2023-10-29 14:10:31.528] [pxr_streamer] [error] rpc_terminal.cpp:37 operator (): connect failed, error= No connection could be made because the target machine actively refused it., this = 0x367f1d90
[2023-10-29 14:10:33.174] [pxr_streamer] [error] rpc_terminal.cpp:37 operator (): connect failed, error= No connection could be made because the target machine actively refused it., this = 0x99e73c90
[2023-10-29 14:10:34.558] [pxr_streamer] [error] rpc_terminal.cpp:37 operator (): connect failed, error= No connection could be made because the target machine actively refused it., this = 0x367f1d90
[2023-10-29 14:10:36.198] [pxr_streamer] [error] rpc_terminal.cpp:37 operator (): connect failed, error= No connection could be made because the target machine actively refused it., this = 0x99e73c90
[2023-10-29 14:10:37.605] [pxr_streamer] [error] rpc_terminal.cpp:37 operator (): connect failed, error= No connection could be made because the target machine actively refused it., this = 0x367f1d90
[2023-10-29 14:10:39.245] [pxr_streamer] [error] rpc_terminal.cpp:37 operator (): connect failed, error= No connection could be made because the target machine actively refused it., this = 0x99e73c90
[2023-10-29 14:10:40.646] [pxr_streamer] [error] rpc_terminal.cpp:37 operator (): connect failed, error= No connection could be made because the target machine actively refused it., this = 0x367f1d90
[2023-10-29 14:10:42.295] [pxr_streamer] [error] rpc_terminal.cpp:37 operator (): connect failed, error= No connection could be made because the target machine actively refused it., this = 0x99e73c90
[2023-10-29 14:10:43.677] [pxr_streamer] [error] rpc_terminal.cpp:37 operator (): connect failed, error= No connection could be made because the target machine actively refused it., this = 0x367f1d90
[2023-10-29 14:10:45.342] [pxr_streamer] [error] rpc_terminal.cpp:37 operator (): connect failed, error= No connection could be made because the target machine actively refused it., this = 0x99e73c90
[2023-10-29 14:10:46.711] [pxr_streamer] [error] rpc_terminal.cpp:37 operator (): connect failed, error= No connection could be made because the target machine actively refused it., this = 0x367f1d90
[2023-10-29 14:10:48.368] [pxr_streamer] [error] rpc_terminal.cpp:37 operator (): connect failed, error= No connection could be made because the target machine actively refused it., this = 0x99e73c90
[2023-10-29 14:10:49.765] [pxr_streamer] [error] rpc_terminal.cpp:37 operator (): connect failed, error= No connection could be made because the target machine actively refused it., this = 0x367f1d90
[2023-10-29 14:10:51.418] [pxr_streamer] [error] rpc_terminal.cpp:37 operator (): connect failed, error= No connection could be made because the target machine actively refused it., this = 0x99e73c90
[2023-10-29 14:10:52.807] [pxr_streamer] [error] rpc_terminal.cpp:37 operator (): connect failed, error= No connection could be made because the target machine actively refused it., this = 0x367f1d90
[2023-10-29 14:10:54.465] [pxr_streamer] [error] rpc_terminal.cpp:37 operator (): connect failed, error= No connection could be made because the target machine actively refused it., this = 0x99e73c90
[2023-10-29 14:10:55.835] [pxr_streamer] [error] rpc_terminal.cpp:37 operator (): connect failed, error= No connection could be made because the target machine actively refused it., this = 0x367f1d90
[2023-10-29 14:10:57.504] [pxr_streamer] [error] rpc_terminal.cpp:37 operator (): connect failed, error= No connection could be made because the target machine actively refused it., this = 0x99e73c90
[2023-10-29 14:10:58.866] [pxr_streamer] [error] rpc_terminal.cpp:37 operator (): connect failed, error= No connection could be made because the target machine actively refused it., this = 0x367f1d90
[2023-10-29 14:11:00.551] [pxr_streamer] [error] rpc_terminal.cpp:37 operator (): connect failed, error= No connection could be made because the target machine actively refused it., this = 0x99e73c90
[2023-10-29 14:11:01.895] [pxr_streamer] [error] rpc_terminal.cpp:37 operator (): connect failed, error= No connection could be made because the target machine actively refused it., this = 0x367f1d90
[2023-10-29 14:11:03.591] [pxr_streamer] [error] rpc_terminal.cpp:37 operator (): connect failed, error= No connection could be made because the target machine actively refused it., this = 0x99e73c90
[2023-10-29 14:11:04.929] [pxr_streamer] [error] rpc_terminal.cpp:37 operator (): connect failed, error= No connection could be made because the target machine actively refused it., this = 0x367f1d90
[2023-10-29 14:11:06.631] [pxr_streamer] [error] rpc_terminal.cpp:37 operator (): connect failed, error= No connection could be made because the target machine actively refused it., this = 0x99e73c90
[2023-10-29 14:11:07.973] [pxr_streamer] [error] rpc_terminal.cpp:37 operator (): connect failed, error= No connection could be made because the target machine actively refused it., this = 0x367f1d90
[2023-10-29 14:11:09.662] [pxr_streamer] [error] rpc_terminal.cpp:37 operator (): connect failed, error= No connection could be made because the target machine actively refused it., this = 0x99e73c90
[2023-10-29 14:11:11.011] [pxr_streamer] [error] rpc_terminal.cpp:37 operator (): connect failed, error= No connection could be made because the target machine actively refused it., this = 0x367f1d90
[2023-10-29 14:11:12.699] [pxr_streamer] [error] rpc_terminal.cpp:37 operator (): connect failed, error= No connection could be made because the target machine actively refused it., this = 0x99e73c90
[2023-10-29 14:11:14.048] [pxr_streamer] [error] rpc_terminal.cpp:37 operator (): connect failed, error= No connection could be made because the target machine actively refused it., this = 0x367f1d90
[2023-10-29 14:11:15.732] [pxr_streamer] [error] rpc_terminal.cpp:37 operator (): connect failed, error= No connection could be made because the target machine actively refused it., this = 0x99e73c90
[2023-10-29 14:11:17.104] [pxr_streamer] [error] rpc_terminal.cpp:37 operator (): connect failed, error= No connection could be made because the target machine actively refused it., this = 0x367f1d90
[2023-10-29 14:11:18.774] [pxr_streamer] [error] rpc_terminal.cpp:37 operator (): connect failed, error= No connection could be made because the target machine actively refused it., this = 0x99e73c90
[2023-10-29 14:11:20.133] [pxr_streamer] [error] rpc_terminal.cpp:37 operator (): connect failed, error= No connection could be made because the target machine actively refused it., this = 0x367f1d90
